<?xml version="1.0" encoding="UTF-8"?>
<!-- Generated by org.testng.reporters.JUnitReportReporter -->
<testsuite hostname="mech.local" failures="0" tests="1" name="maven.Findby.Main" time="10.322" errors="0" timestamp="2021-06-07T14:18:16 IST" skipped="0">
  <testcase classname="maven.Findby.Main" name="Homepage" time="10.322"/>
</testsuite> <!-- maven.Findby.Main -->
